<?xml version="1.0" encoding="UTF-8"?>
<testng-results skipped="0" failed="0" total="1" passed="1">
  <reporter-output>
  </reporter-output>
  <suite name="Default suite" duration-ms="54635" started-at="2020-11-11T11:40:52Z" finished-at="2020-11-11T11:41:47Z">
    <groups>
    </groups>
    <test name="Default test" duration-ms="54635" started-at="2020-11-11T11:40:52Z" finished-at="2020-11-11T11:41:47Z">
      <class name="Zoopla.Test.SearchPage_TestCase">
        <test-method status="PASS" signature="init()[pri:0, instance:Zoopla.Test.SearchPage_TestCase@28d25987]" name="init" is-config="true" duration-ms="10343" started-at="2020-11-11T11:40:52Z" finished-at="2020-11-11T11:41:03Z">
          <reporter-output>
          </reporter-output>
        </test-method> <!-- init -->
        <test-method status="PASS" signature="asearchTest()[pri:0, instance:Zoopla.Test.SearchPage_TestCase@28d25987]" name="asearchTest" duration-ms="44251" started-at="2020-11-11T11:41:03Z" finished-at="2020-11-11T11:41:47Z">
          <reporter-output>
          </reporter-output>
        </test-method> <!-- asearchTest -->
      </class> <!-- Zoopla.Test.SearchPage_TestCase -->
    </test> <!-- Default test -->
  </suite> <!-- Default suite -->
</testng-results>
